<?xml version="1.0" encoding="UTF-8"?>
<testsuite xmlns:xsi="http://www.w3.org/2001/XMLSchema-instance" xsi:noNamespaceSchemaLocation="https://maven.apache.org/surefire/maven-surefire-plugin/xsd/surefire-test-report-3.0.xsd" version="3.0" name="com.example.parking.Concurrency.ParkingLotConcurrencyTest" time="4.594" tests="1" errors="0" skipped="0" failures="0">
  <properties>
[...]
</properties>
  <testcase name="simulate20ConcurrentParkAndLeave" classname="com.example.parking.Concurrency.ParkingLotConcurrencyTest" time="3.047">
    <system-out><![CDATA[01:08:22.537 [main] INFO org.springframework.test.context.support.AnnotationConfigContextLoaderUtils -- Could not detect default configuration classes for test class [com.example.parking.Concurrency.ParkingLotConcurrencyTest]: ParkingLotConcurrencyTest does not declare any static, non-private, non-final, nested classes annotated with @Configuration.
01:08:22.626 [main] INFO org.springframework.boot.test.context.SpringBootTestContextBootstrapper -- Found @SpringBootConfiguration com.example.parking.ParkingLotApplication for test class com.example.parking.Concurrency.ParkingLotConcurrencyTest
2025-10-25T01:08:23.000-07:00  INFO 31924 --- [           main] c.e.p.C.ParkingLotConcurrencyTest        : Starting ParkingLotConcurrencyTest using Java 21.0.2 with PID 31924 (started by kaleo in D:\backend\Java\OOPMasteryClass\concurrency\projects\parking-lot)
2025-10-25T01:08:23.004-07:00  INFO 31924 --- [           main] c.e.p.C.ParkingLotConcurrencyTest        : No active profile set, falling back to 1 default profile: "default"
2025-10-25T01:08:23.895-07:00  INFO 31924 --- [           main] c.e.p.C.ParkingLotConcurrencyTest        : Started ParkingLotConcurrencyTest in 1.16 seconds (process running for 2.011)
2025-10-25T01:08:24.729-07:00  INFO 31924 --- [pool-3-thread-7] c.e.parking.service.ParkingService       : car=car-6 parked (waited=0 ms). currentParked=5, maxObserved=5
2025-10-25T01:08:24.729-07:00  INFO 31924 --- [pool-3-thread-2] c.e.parking.service.ParkingService       : car=car-1 parked (waited=0 ms). currentParked=3, maxObserved=4
2025-10-25T01:08:24.731-07:00  INFO 31924 --- [pool-3-thread-4] c.e.parking.service.ParkingService       : car=car-3 parked (waited=0 ms). currentParked=2, maxObserved=5
2025-10-25T01:08:24.729-07:00  INFO 31924 --- [pool-3-thread-1] c.e.parking.service.ParkingService       : car=car-0 parked (waited=0 ms). currentParked=1, maxObserved=5
2025-10-25T01:08:24.728-07:00  INFO 31924 --- [pool-3-thread-3] c.e.parking.service.ParkingService       : car=car-2 parked (waited=0 ms). currentParked=4, maxObserved=4
2025-10-25T01:08:24.941-07:00  INFO 31924 --- [pool-3-thread-1] c.e.parking.service.ParkingService       : car=car-0 left. currentParked=3, availablePermits=1
2025-10-25T01:08:24.941-07:00  INFO 31924 --- [pool-3-thread-4] c.e.parking.service.ParkingService       : car=car-3 left. currentParked=4, availablePermits=1
2025-10-25T01:08:24.941-07:00  INFO 31924 --- [ool-3-thread-10] c.e.parking.service.ParkingService       : car=car-9 parked (waited=213 ms). currentParked=5, maxObserved=5
2025-10-25T01:08:24.941-07:00  INFO 31924 --- [pool-3-thread-6] c.e.parking.service.ParkingService       : car=car-5 parked (waited=213 ms). currentParked=4, maxObserved=5
2025-10-25T01:08:25.108-07:00  INFO 31924 --- [pool-3-thread-7] c.e.parking.service.ParkingService       : car=car-6 left. currentParked=4, availablePermits=1
2025-10-25T01:08:25.108-07:00  INFO 31924 --- [pool-3-thread-8] c.e.parking.service.ParkingService       : car=car-7 parked (waited=380 ms). currentParked=5, maxObserved=5
2025-10-25T01:08:25.285-07:00  INFO 31924 --- [pool-3-thread-2] c.e.parking.service.ParkingService       : car=car-1 left. currentParked=4, availablePermits=1
2025-10-25T01:08:25.285-07:00  INFO 31924 --- [pool-3-thread-9] c.e.parking.service.ParkingService       : car=car-8 parked (waited=557 ms). currentParked=5, maxObserved=5
2025-10-25T01:08:25.322-07:00  INFO 31924 --- [ool-3-thread-10] c.e.parking.service.ParkingService       : car=car-9 left. currentParked=4, availablePermits=1
2025-10-25T01:08:25.322-07:00  INFO 31924 --- [ool-3-thread-15] c.e.parking.service.ParkingService       : car=car-14 parked (waited=594 ms). currentParked=5, maxObserved=5
2025-10-25T01:08:25.498-07:00  INFO 31924 --- [ool-3-thread-11] c.e.parking.service.ParkingService       : car=car-10 parked (waited=770 ms). currentParked=5, maxObserved=5
2025-10-25T01:08:25.498-07:00  INFO 31924 --- [pool-3-thread-3] c.e.parking.service.ParkingService       : car=car-2 left. currentParked=4, availablePermits=1
2025-10-25T01:08:25.609-07:00  INFO 31924 --- [ool-3-thread-15] c.e.parking.service.ParkingService       : car=car-14 left. currentParked=4, availablePermits=1
2025-10-25T01:08:25.609-07:00  INFO 31924 --- [ool-3-thread-16] c.e.parking.service.ParkingService       : car=car-15 parked (waited=881 ms). currentParked=5, maxObserved=5
2025-10-25T01:08:25.662-07:00  INFO 31924 --- [ool-3-thread-17] c.e.parking.service.ParkingService       : car=car-16 parked (waited=934 ms). currentParked=5, maxObserved=5
2025-10-25T01:08:25.662-07:00  INFO 31924 --- [pool-3-thread-6] c.e.parking.service.ParkingService       : car=car-5 left. currentParked=4, availablePermits=1
2025-10-25T01:08:25.721-07:00  INFO 31924 --- [ool-3-thread-14] c.e.parking.service.ParkingService       : car=car-13 parked (waited=993 ms). currentParked=5, maxObserved=5
2025-10-25T01:08:25.721-07:00  INFO 31924 --- [ool-3-thread-11] c.e.parking.service.ParkingService       : car=car-10 left. currentParked=4, availablePermits=1
2025-10-25T01:08:25.878-07:00  INFO 31924 --- [pool-3-thread-8] c.e.parking.service.ParkingService       : car=car-7 left. currentParked=4, availablePermits=1
2025-10-25T01:08:25.878-07:00  INFO 31924 --- [pool-3-thread-5] c.e.parking.service.ParkingService       : car=car-4 parked (waited=1150 ms). currentParked=5, maxObserved=5
2025-10-25T01:08:25.894-07:00  INFO 31924 --- [pool-3-thread-9] c.e.parking.service.ParkingService       : car=car-8 left. currentParked=4, availablePermits=1
2025-10-25T01:08:25.894-07:00  INFO 31924 --- [ool-3-thread-20] c.e.parking.service.ParkingService       : car=car-19 parked (waited=1167 ms). currentParked=5, maxObserved=5
2025-10-25T01:08:26.010-07:00  INFO 31924 --- [ool-3-thread-13] c.e.parking.service.ParkingService       : car=car-12 parked (waited=1282 ms). currentParked=5, maxObserved=5
2025-10-25T01:08:26.010-07:00  INFO 31924 --- [ool-3-thread-16] c.e.parking.service.ParkingService       : car=car-15 left. currentParked=4, availablePermits=1
2025-10-25T01:08:26.163-07:00  INFO 31924 --- [ool-3-thread-17] c.e.parking.service.ParkingService       : car=car-16 left. currentParked=4, availablePermits=1
2025-10-25T01:08:26.163-07:00  INFO 31924 --- [ool-3-thread-18] c.e.parking.service.ParkingService       : car=car-17 parked (waited=1434 ms). currentParked=5, maxObserved=5
2025-10-25T01:08:26.177-07:00  INFO 31924 --- [ool-3-thread-14] c.e.parking.service.ParkingService       : car=car-13 left. currentParked=4, availablePermits=1
2025-10-25T01:08:26.177-07:00  INFO 31924 --- [ool-3-thread-19] c.e.parking.service.ParkingService       : car=car-18 parked (waited=1448 ms). currentParked=5, maxObserved=5
2025-10-25T01:08:26.493-07:00  INFO 31924 --- [ool-3-thread-20] c.e.parking.service.ParkingService       : car=car-19 left. currentParked=4, availablePermits=1
2025-10-25T01:08:26.493-07:00  INFO 31924 --- [ool-3-thread-12] c.e.parking.service.ParkingService       : car=car-11 parked (waited=1764 ms). currentParked=5, maxObserved=5
2025-10-25T01:08:26.593-07:00  INFO 31924 --- [ool-3-thread-13] c.e.parking.service.ParkingService       : car=car-12 left. currentParked=4, availablePermits=1
2025-10-25T01:08:26.652-07:00  INFO 31924 --- [pool-3-thread-5] c.e.parking.service.ParkingService       : car=car-4 left. currentParked=3, availablePermits=2
2025-10-25T01:08:26.669-07:00  INFO 31924 --- [ool-3-thread-19] c.e.parking.service.ParkingService       : car=car-18 left. currentParked=2, availablePermits=3
2025-10-25T01:08:26.794-07:00  INFO 31924 --- [ool-3-thread-12] c.e.parking.service.ParkingService       : car=car-11 left. currentParked=1, availablePermits=4
2025-10-25T01:08:26.902-07:00  INFO 31924 --- [ool-3-thread-18] c.e.parking.service.ParkingService       : car=car-17 left. currentParked=0, availablePermits=5
2025-10-25T01:08:26.950-07:00  INFO 31924 --- [           main] c.e.p.C.ParkingLotConcurrencyTest        : Test finished in 2176 ms; succeeded parks: 20
2025-10-25T01:08:26.951-07:00  INFO 31924 --- [           main] c.e.p.C.ParkingLotConcurrencyTest        : Max observed concurrent parked (service metric) = 5
]]></system-out>
    <system-err><![CDATA[WARNING: A Java agent has been loaded dynamically (C:\Users\kaleo\.m2\repository\net\bytebuddy\byte-buddy-agent\1.14.8\byte-buddy-agent-1.14.8.jar)
WARNING: If a serviceability tool is in use, please run with -XX:+EnableDynamicAgentLoading to hide this warning
WARNING: If a serviceability tool is not in use, please run with -Djdk.instrument.traceUsage for more information
WARNING: Dynamic loading of agents will be disallowed by default in a future release
]]></system-err>
  </testcase>
</testsuite>