<?xml version="1.0" encoding="UTF-8"?>
<testsuite xmlns:xsi="http://www.w3.org/2001/XMLSchema-instance" xsi:noNamespaceSchemaLocation="https://maven.apache.org/surefire/maven-surefire-plugin/xsd/surefire-test-report-3.0.xsd" version="3.0" name="com.example.parking.Integration.ParkingLotIntegrationTest" time="0.028" tests="1" errors="0" skipped="0" failures="0">
  <properties>
[...]
</properties>
  <testcase name="testParkEndpoint" classname="com.example.parking.Integration.ParkingLotIntegrationTest" time="0.015">
    <system-out><![CDATA[2025-10-25T00:54:03.640-07:00  INFO 39136 --- [           main] t.c.s.AnnotationConfigContextLoaderUtils : Could not detect default configuration classes for test class [com.example.parking.Integration.ParkingLotIntegrationTest]: ParkingLotIntegrationTest does not declare any static, non-private, non-final, nested classes annotated with @Configuration.
2025-10-25T00:54:03.647-07:00  INFO 39136 --- [           main] .b.t.c.SpringBootTestContextBootstrapper : Found @SpringBootConfiguration com.example.parking.ParkingLotApplication for test class com.example.parking.Integration.ParkingLotIntegrationTest
]]></system-out>
  </testcase>
</testsuite>